0 info it worked if it ends with ok
1 verbose cli [ 'C:\\Program Files (x86)\\nodejs\\node.exe',
1 verbose cli   'C:\\Program Files (x86)\\nodejs\\node_modules\\npm\\bin\\npm-cli.js',
1 verbose cli   'start' ]
2 info using npm@3.10.10
3 info using node@v6.9.5
4 verbose run-script [ 'prestart', 'start', 'poststart' ]
5 info lifecycle SociallyDynamic@1.0.0~prestart: SociallyDynamic@1.0.0
6 verbose lifecycle SociallyDynamic@1.0.0~prestart: unsafe-perm in lifecycle true
7 verbose lifecycle SociallyDynamic@1.0.0~prestart: PATH: C:\Program Files (x86)\nodejs\node_modules\npm\bin\node-gyp-bin;C:\Users\Khiem\Desktop\SociallyDynamic\node_modules\.bin;C:\Users\Khiem\bin;C:\Program Files\Git\mingw64\bin;C:\Program Files\Git\usr\local\bin;C:\Program Files\Git\usr\bin;C:\Program Files\Git\usr\bin;C:\Program Files\Git\mingw64\bin;C:\Program Files\Git\usr\bin;C:\Users\Khiem\bin;C:\ProgramData\Oracle\Java\javapath;C:\WINDOWS\system32;C:\WINDOWS;C:\WINDOWS\System32\Wbem;C:\WINDOWS\System32\WindowsPowerShell\v1.0;C:\Program Files (x86)\nodejs;C:\Users\Khiem\AppData\Local\Microsoft\WindowsApps;C:\Users\Khiem\AppData\Roaming\npm;C:\Program Files\MongoDB\Server\3.4\bin;C:\Program Files\Git\usr\bin\vendor_perl;C:\Program Files\Git\usr\bin\core_perl
8 verbose lifecycle SociallyDynamic@1.0.0~prestart: CWD: C:\Users\Khiem\Desktop\SociallyDynamic
9 silly lifecycle SociallyDynamic@1.0.0~prestart: Args: [ '/d /s /c', 'mongod --dbpath db --fork --logpath /dev/null' ]
10 silly lifecycle SociallyDynamic@1.0.0~prestart: Returned: code: 2  signal: null
11 info lifecycle SociallyDynamic@1.0.0~prestart: Failed to exec prestart script
12 verbose stack Error: SociallyDynamic@1.0.0 prestart: `mongod --dbpath db --fork --logpath /dev/null`
12 verbose stack Exit status 2
12 verbose stack     at EventEmitter.<anonymous> (C:\Program Files (x86)\nodejs\node_modules\npm\lib\utils\lifecycle.js:255:16)
12 verbose stack     at emitTwo (events.js:106:13)
12 verbose stack     at EventEmitter.emit (events.js:191:7)
12 verbose stack     at ChildProcess.<anonymous> (C:\Program Files (x86)\nodejs\node_modules\npm\lib\utils\spawn.js:40:14)
12 verbose stack     at emitTwo (events.js:106:13)
12 verbose stack     at ChildProcess.emit (events.js:191:7)
12 verbose stack     at maybeClose (internal/child_process.js:877:16)
12 verbose stack     at Process.ChildProcess._handle.onexit (internal/child_process.js:226:5)
13 verbose pkgid SociallyDynamic@1.0.0
14 verbose cwd C:\Users\Khiem\Desktop\SociallyDynamic
15 error Windows_NT 10.0.14393
16 error argv "C:\\Program Files (x86)\\nodejs\\node.exe" "C:\\Program Files (x86)\\nodejs\\node_modules\\npm\\bin\\npm-cli.js" "start"
17 error node v6.9.5
18 error npm  v3.10.10
19 error code ELIFECYCLE
20 error SociallyDynamic@1.0.0 prestart: `mongod --dbpath db --fork --logpath /dev/null`
20 error Exit status 2
21 error Failed at the SociallyDynamic@1.0.0 prestart script 'mongod --dbpath db --fork --logpath /dev/null'.
21 error Make sure you have the latest version of node.js and npm installed.
21 error If you do, this is most likely a problem with the SociallyDynamic package,
21 error not with npm itself.
21 error Tell the author that this fails on your system:
21 error     mongod --dbpath db --fork --logpath /dev/null
21 error You can get information on how to open an issue for this project with:
21 error     npm bugs SociallyDynamic
21 error Or if that isn't available, you can get their info via:
21 error     npm owner ls SociallyDynamic
21 error There is likely additional logging output above.
22 verbose exit [ 1, true ]
